2023-11-22 at 23:18:56 CST DEBUG org.springframework.context.support.AbstractApplicationContext 630 prepareRefresh -Refreshing org.springframework.context.support.ClassPathXmlApplicationContext@495ee280
2023-11-22 at 23:18:57 CST DEBUG org.springframework.beans.factory.xml.XmlBeanDefinitionReader 393 doLoadBeanDefinitions -Loaded 1 bean definitions from class path resource [bean.xml]
2023-11-22 at 23:18:57 CST DEBUG org.springframework.beans.factory.support.DefaultSingletonBeanRegistry 225 getSingleton -Creating shared instance of singleton bean 'user'
2023-11-22 at 23:33:07 CST DEBUG org.springframework.context.support.AbstractApplicationContext 630 prepareRefresh -Refreshing org.springframework.context.support.ClassPathXmlApplicationContext@6d7fc27
2023-11-22 at 23:33:07 CST DEBUG org.springframework.beans.factory.xml.XmlBeanDefinitionReader 393 doLoadBeanDefinitions -Loaded 1 bean definitions from class path resource [bean.xml]
2023-11-22 at 23:33:07 CST DEBUG org.springframework.beans.factory.support.DefaultSingletonBeanRegistry 225 getSingleton -Creating shared instance of singleton bean 'user'
2023-11-22 at 23:33:07 CST INFO  com.test.spring6.TestUser 27 testUserObject -##### 调用成功了
2023-11-23 at 00:10:23 CST DEBUG org.springframework.context.support.AbstractApplicationContext 630 prepareRefresh -Refreshing org.springframework.context.support.ClassPathXmlApplicationContext@6d7fc27
2023-11-23 at 00:10:23 CST DEBUG org.springframework.beans.factory.xml.XmlBeanDefinitionReader 393 doLoadBeanDefinitions -Loaded 1 bean definitions from class path resource [bean.xml]
2023-11-23 at 00:10:23 CST DEBUG org.springframework.beans.factory.support.DefaultSingletonBeanRegistry 225 getSingleton -Creating shared instance of singleton bean 'user'
2023-11-23 at 00:10:23 CST INFO  com.test.spring6.TestUser 27 testUserObject -##### 调用成功了
2023-11-23 at 10:54:32 CST DEBUG org.springframework.context.support.AbstractApplicationContext 630 prepareRefresh -Refreshing org.springframework.context.support.ClassPathXmlApplicationContext@28dcca0c
2023-11-23 at 10:54:32 CST DEBUG org.springframework.beans.factory.xml.XmlBeanDefinitionReader 393 doLoadBeanDefinitions -Loaded 1 bean definitions from class path resource [bean.xml]
2023-11-23 at 10:54:32 CST DEBUG org.springframework.beans.factory.support.DefaultSingletonBeanRegistry 225 getSingleton -Creating shared instance of singleton bean 'user'
2023-11-23 at 10:55:24 CST DEBUG org.springframework.context.support.AbstractApplicationContext 630 prepareRefresh -Refreshing org.springframework.context.support.ClassPathXmlApplicationContext@28dcca0c
2023-11-23 at 10:55:24 CST DEBUG org.springframework.beans.factory.xml.XmlBeanDefinitionReader 393 doLoadBeanDefinitions -Loaded 1 bean definitions from class path resource [bean.xml]
2023-11-23 at 10:55:24 CST DEBUG org.springframework.beans.factory.support.DefaultSingletonBeanRegistry 225 getSingleton -Creating shared instance of singleton bean 'user'
2023-11-23 at 10:56:40 CST DEBUG org.springframework.context.support.AbstractApplicationContext 630 prepareRefresh -Refreshing org.springframework.context.support.ClassPathXmlApplicationContext@eadd4fb
2023-11-23 at 10:56:40 CST DEBUG org.springframework.beans.factory.xml.XmlBeanDefinitionReader 393 doLoadBeanDefinitions -Loaded 1 bean definitions from class path resource [bean.xml]
2023-11-23 at 10:56:40 CST DEBUG org.springframework.beans.factory.support.DefaultSingletonBeanRegistry 225 getSingleton -Creating shared instance of singleton bean 'user'
2023-11-23 at 10:56:43 CST DEBUG org.springframework.context.support.AbstractApplicationContext 630 prepareRefresh -Refreshing org.springframework.context.support.ClassPathXmlApplicationContext@28dcca0c
2023-11-23 at 10:56:43 CST DEBUG org.springframework.beans.factory.xml.XmlBeanDefinitionReader 393 doLoadBeanDefinitions -Loaded 1 bean definitions from class path resource [bean.xml]
2023-11-23 at 10:56:43 CST DEBUG org.springframework.beans.factory.support.DefaultSingletonBeanRegistry 225 getSingleton -Creating shared instance of singleton bean 'user'
2023-11-23 at 10:56:49 CST DEBUG org.springframework.context.support.AbstractApplicationContext 630 prepareRefresh -Refreshing org.springframework.context.support.ClassPathXmlApplicationContext@28dcca0c
2023-11-23 at 10:56:49 CST DEBUG org.springframework.beans.factory.xml.XmlBeanDefinitionReader 393 doLoadBeanDefinitions -Loaded 1 bean definitions from class path resource [bean.xml]
2023-11-23 at 10:56:49 CST DEBUG org.springframework.beans.factory.support.DefaultSingletonBeanRegistry 225 getSingleton -Creating shared instance of singleton bean 'user'
2023-11-23 at 11:01:11 CST DEBUG org.springframework.context.support.AbstractApplicationContext 630 prepareRefresh -Refreshing org.springframework.context.support.ClassPathXmlApplicationContext@28dcca0c
2023-11-23 at 11:01:11 CST DEBUG org.springframework.beans.factory.xml.XmlBeanDefinitionReader 393 doLoadBeanDefinitions -Loaded 1 bean definitions from class path resource [bean.xml]
2023-11-23 at 11:01:11 CST DEBUG org.springframework.beans.factory.support.DefaultSingletonBeanRegistry 225 getSingleton -Creating shared instance of singleton bean 'user'
2023-11-23 at 11:03:33 CST DEBUG org.springframework.context.support.AbstractApplicationContext 630 prepareRefresh -Refreshing org.springframework.context.support.ClassPathXmlApplicationContext@28dcca0c
2023-11-23 at 11:03:33 CST DEBUG org.springframework.beans.factory.xml.XmlBeanDefinitionReader 393 doLoadBeanDefinitions -Loaded 1 bean definitions from class path resource [bean.xml]
2023-11-23 at 11:03:33 CST DEBUG org.springframework.beans.factory.support.DefaultSingletonBeanRegistry 225 getSingleton -Creating shared instance of singleton bean 'user'
2023-11-23 at 11:08:44 CST DEBUG org.springframework.context.support.AbstractApplicationContext 630 prepareRefresh -Refreshing org.springframework.context.support.ClassPathXmlApplicationContext@28dcca0c
2023-11-23 at 11:08:44 CST DEBUG org.springframework.beans.factory.xml.XmlBeanDefinitionReader 393 doLoadBeanDefinitions -Loaded 2 bean definitions from class path resource [bean.xml]
2023-11-23 at 11:08:44 CST DEBUG org.springframework.beans.factory.support.DefaultSingletonBeanRegistry 225 getSingleton -Creating shared instance of singleton bean 'user'
2023-11-23 at 11:08:44 CST DEBUG org.springframework.beans.factory.support.DefaultSingletonBeanRegistry 225 getSingleton -Creating shared instance of singleton bean 'user1'
2023-11-23 at 11:16:53 CST DEBUG org.springframework.context.support.AbstractApplicationContext 630 prepareRefresh -Refreshing org.springframework.context.support.ClassPathXmlApplicationContext@28dcca0c
2023-11-23 at 11:16:53 CST DEBUG org.springframework.beans.factory.xml.XmlBeanDefinitionReader 393 doLoadBeanDefinitions -Loaded 2 bean definitions from class path resource [bean.xml]
2023-11-23 at 11:16:53 CST DEBUG org.springframework.beans.factory.support.DefaultSingletonBeanRegistry 225 getSingleton -Creating shared instance of singleton bean 'user'
2023-11-23 at 11:16:53 CST DEBUG org.springframework.beans.factory.support.DefaultSingletonBeanRegistry 225 getSingleton -Creating shared instance of singleton bean 'user1'
2023-11-23 at 11:17:33 CST DEBUG org.springframework.context.support.AbstractApplicationContext 630 prepareRefresh -Refreshing org.springframework.context.support.ClassPathXmlApplicationContext@28dcca0c
2023-11-23 at 11:17:33 CST DEBUG org.springframework.beans.factory.xml.XmlBeanDefinitionReader 393 doLoadBeanDefinitions -Loaded 2 bean definitions from class path resource [bean.xml]
2023-11-23 at 11:17:33 CST DEBUG org.springframework.beans.factory.support.DefaultSingletonBeanRegistry 225 getSingleton -Creating shared instance of singleton bean 'user'
2023-11-23 at 11:17:33 CST DEBUG org.springframework.beans.factory.support.DefaultSingletonBeanRegistry 225 getSingleton -Creating shared instance of singleton bean 'user1'
2023-11-23 at 12:36:35 CST DEBUG org.springframework.context.support.AbstractApplicationContext 630 prepareRefresh -Refreshing org.springframework.context.support.ClassPathXmlApplicationContext@28dcca0c
2023-11-23 at 12:36:36 CST DEBUG org.springframework.beans.factory.xml.XmlBeanDefinitionReader 393 doLoadBeanDefinitions -Loaded 2 bean definitions from class path resource [bean.xml]
2023-11-23 at 12:36:36 CST DEBUG org.springframework.beans.factory.support.DefaultSingletonBeanRegistry 225 getSingleton -Creating shared instance of singleton bean 'user'
2023-11-23 at 12:36:36 CST DEBUG org.springframework.beans.factory.support.DefaultSingletonBeanRegistry 225 getSingleton -Creating shared instance of singleton bean 'user1'
2023-11-23 at 13:16:25 CST DEBUG org.springframework.context.support.AbstractApplicationContext 630 prepareRefresh -Refreshing org.springframework.context.support.ClassPathXmlApplicationContext@28dcca0c
2023-11-23 at 13:16:25 CST DEBUG org.springframework.beans.factory.xml.XmlBeanDefinitionReader 393 doLoadBeanDefinitions -Loaded 3 bean definitions from class path resource [bean.xml]
2023-11-23 at 13:16:25 CST DEBUG org.springframework.beans.factory.support.DefaultSingletonBeanRegistry 225 getSingleton -Creating shared instance of singleton bean 'user'
2023-11-23 at 13:16:25 CST DEBUG org.springframework.beans.factory.support.DefaultSingletonBeanRegistry 225 getSingleton -Creating shared instance of singleton bean 'user1'
2023-11-23 at 13:16:25 CST DEBUG org.springframework.beans.factory.support.DefaultSingletonBeanRegistry 225 getSingleton -Creating shared instance of singleton bean 'userDaoImpl'
2023-11-23 at 13:25:10 CST DEBUG org.springframework.context.support.AbstractApplicationContext 630 prepareRefresh -Refreshing org.springframework.context.support.ClassPathXmlApplicationContext@29d80d2b
2023-11-23 at 13:25:10 CST DEBUG org.springframework.beans.factory.xml.XmlBeanDefinitionReader 393 doLoadBeanDefinitions -Loaded 3 bean definitions from class path resource [bean.xml]
2023-11-23 at 13:25:10 CST DEBUG org.springframework.beans.factory.support.DefaultSingletonBeanRegistry 225 getSingleton -Creating shared instance of singleton bean 'user'
2023-11-23 at 13:25:10 CST DEBUG org.springframework.beans.factory.support.DefaultSingletonBeanRegistry 225 getSingleton -Creating shared instance of singleton bean 'user1'
2023-11-23 at 13:25:10 CST DEBUG org.springframework.beans.factory.support.DefaultSingletonBeanRegistry 225 getSingleton -Creating shared instance of singleton bean 'userDaoImpl'
2023-11-23 at 13:25:10 CST INFO  com.test.spring6.iocxml.bean.TestUserDao 26 main -##调用成功...
2023-11-23 at 14:02:30 CST DEBUG org.springframework.context.support.AbstractApplicationContext 630 prepareRefresh -Refreshing org.springframework.context.support.ClassPathXmlApplicationContext@29d80d2b
2023-11-23 at 14:05:08 CST DEBUG org.springframework.context.support.AbstractApplicationContext 630 prepareRefresh -Refreshing org.springframework.context.support.ClassPathXmlApplicationContext@29d80d2b
2023-11-23 at 14:05:08 CST DEBUG org.springframework.beans.factory.xml.XmlBeanDefinitionReader 393 doLoadBeanDefinitions -Loaded 4 bean definitions from class path resource [bean.xml]
2023-11-23 at 14:05:08 CST DEBUG org.springframework.beans.factory.support.DefaultSingletonBeanRegistry 225 getSingleton -Creating shared instance of singleton bean 'user'
2023-11-23 at 14:05:08 CST DEBUG org.springframework.beans.factory.support.DefaultSingletonBeanRegistry 225 getSingleton -Creating shared instance of singleton bean 'user1'
2023-11-23 at 14:05:08 CST DEBUG org.springframework.beans.factory.support.DefaultSingletonBeanRegistry 225 getSingleton -Creating shared instance of singleton bean 'userDaoImpl'
2023-11-23 at 14:05:08 CST DEBUG org.springframework.beans.factory.support.DefaultSingletonBeanRegistry 225 getSingleton -Creating shared instance of singleton bean 'personDaoImpl'
2023-11-23 at 14:45:45 CST DEBUG org.springframework.context.support.AbstractApplicationContext 630 prepareRefresh -Refreshing org.springframework.context.support.ClassPathXmlApplicationContext@6f1c29b7
2023-11-23 at 14:45:45 CST DEBUG org.springframework.beans.factory.xml.XmlBeanDefinitionReader 393 doLoadBeanDefinitions -Loaded 1 bean definitions from class path resource [bean-di.xml]
2023-11-23 at 14:45:45 CST DEBUG org.springframework.beans.factory.support.DefaultSingletonBeanRegistry 225 getSingleton -Creating shared instance of singleton bean 'book'
2023-11-23 at 15:03:34 CST DEBUG org.springframework.context.support.AbstractApplicationContext 630 prepareRefresh -Refreshing org.springframework.context.support.ClassPathXmlApplicationContext@495ee280
2023-11-23 at 15:04:08 CST DEBUG org.springframework.context.support.AbstractApplicationContext 630 prepareRefresh -Refreshing org.springframework.context.support.ClassPathXmlApplicationContext@495ee280
2023-11-23 at 15:04:08 CST DEBUG org.springframework.beans.factory.xml.XmlBeanDefinitionReader 393 doLoadBeanDefinitions -Loaded 2 bean definitions from class path resource [bean-di.xml]
2023-11-23 at 15:04:08 CST DEBUG org.springframework.beans.factory.support.DefaultSingletonBeanRegistry 225 getSingleton -Creating shared instance of singleton bean 'book'
2023-11-23 at 15:04:08 CST DEBUG org.springframework.beans.factory.support.DefaultSingletonBeanRegistry 225 getSingleton -Creating shared instance of singleton bean 'bookCo'
2023-11-23 at 15:04:08 CST WARN  org.springframework.core.LocalVariableTableParameterNameDiscoverer 123 inspectClass -Using deprecated '-debug' fallback for parameter name resolution. Compile the affected code with '-parameters' instead or avoid its introspection: com.test.spring6.iocxml.di.Book
2023-11-23 at 15:05:12 CST DEBUG org.springframework.context.support.AbstractApplicationContext 630 prepareRefresh -Refreshing org.springframework.context.support.ClassPathXmlApplicationContext@495ee280
2023-11-23 at 15:05:12 CST DEBUG org.springframework.beans.factory.xml.XmlBeanDefinitionReader 393 doLoadBeanDefinitions -Loaded 2 bean definitions from class path resource [bean-di.xml]
2023-11-23 at 15:05:13 CST DEBUG org.springframework.beans.factory.support.DefaultSingletonBeanRegistry 225 getSingleton -Creating shared instance of singleton bean 'book'
2023-11-23 at 15:05:13 CST DEBUG org.springframework.beans.factory.support.DefaultSingletonBeanRegistry 225 getSingleton -Creating shared instance of singleton bean 'bookCo'
2023-11-23 at 15:05:13 CST WARN  org.springframework.core.LocalVariableTableParameterNameDiscoverer 123 inspectClass -Using deprecated '-debug' fallback for parameter name resolution. Compile the affected code with '-parameters' instead or avoid its introspection: com.test.spring6.iocxml.di.Book
2023-11-23 at 15:05:44 CST DEBUG org.springframework.context.support.AbstractApplicationContext 630 prepareRefresh -Refreshing org.springframework.context.support.ClassPathXmlApplicationContext@495ee280
2023-11-23 at 15:05:44 CST DEBUG org.springframework.beans.factory.xml.XmlBeanDefinitionReader 393 doLoadBeanDefinitions -Loaded 2 bean definitions from class path resource [bean-di.xml]
2023-11-23 at 15:05:44 CST DEBUG org.springframework.beans.factory.support.DefaultSingletonBeanRegistry 225 getSingleton -Creating shared instance of singleton bean 'book'
2023-11-23 at 15:05:44 CST DEBUG org.springframework.beans.factory.support.DefaultSingletonBeanRegistry 225 getSingleton -Creating shared instance of singleton bean 'bookCon'
2023-11-23 at 15:05:44 CST WARN  org.springframework.core.LocalVariableTableParameterNameDiscoverer 123 inspectClass -Using deprecated '-debug' fallback for parameter name resolution. Compile the affected code with '-parameters' instead or avoid its introspection: com.test.spring6.iocxml.di.Book
2023-11-23 at 15:08:58 CST DEBUG org.springframework.context.support.AbstractApplicationContext 630 prepareRefresh -Refreshing org.springframework.context.support.ClassPathXmlApplicationContext@6f1c29b7
2023-11-23 at 15:08:58 CST DEBUG org.springframework.beans.factory.xml.XmlBeanDefinitionReader 393 doLoadBeanDefinitions -Loaded 1 bean definitions from class path resource [bean-di.xml]
2023-11-23 at 15:08:58 CST DEBUG org.springframework.beans.factory.support.DefaultSingletonBeanRegistry 225 getSingleton -Creating shared instance of singleton bean 'bookCon'
2023-11-23 at 15:08:58 CST WARN  org.springframework.core.LocalVariableTableParameterNameDiscoverer 123 inspectClass -Using deprecated '-debug' fallback for parameter name resolution. Compile the affected code with '-parameters' instead or avoid its introspection: com.test.spring6.iocxml.di.Book
2023-11-23 at 15:08:58 CST DEBUG org.springframework.context.support.AbstractApplicationContext 630 prepareRefresh -Refreshing org.springframework.context.support.ClassPathXmlApplicationContext@1ae67cad
2023-11-23 at 15:08:58 CST DEBUG org.springframework.beans.factory.xml.XmlBeanDefinitionReader 393 doLoadBeanDefinitions -Loaded 1 bean definitions from class path resource [bean-di.xml]
2023-11-23 at 15:08:58 CST DEBUG org.springframework.beans.factory.support.DefaultSingletonBeanRegistry 225 getSingleton -Creating shared instance of singleton bean 'bookCon'
2023-11-23 at 15:08:58 CST WARN  org.springframework.core.LocalVariableTableParameterNameDiscoverer 123 inspectClass -Using deprecated '-debug' fallback for parameter name resolution. Compile the affected code with '-parameters' instead or avoid its introspection: com.test.spring6.iocxml.di.Book
2023-11-23 at 15:09:24 CST DEBUG org.springframework.context.support.AbstractApplicationContext 630 prepareRefresh -Refreshing org.springframework.context.support.ClassPathXmlApplicationContext@495ee280
2023-11-23 at 15:09:24 CST DEBUG org.springframework.beans.factory.xml.XmlBeanDefinitionReader 393 doLoadBeanDefinitions -Loaded 1 bean definitions from class path resource [bean-di.xml]
2023-11-23 at 15:09:24 CST DEBUG org.springframework.beans.factory.support.DefaultSingletonBeanRegistry 225 getSingleton -Creating shared instance of singleton bean 'bookCon'
2023-11-23 at 15:09:24 CST WARN  org.springframework.core.LocalVariableTableParameterNameDiscoverer 123 inspectClass -Using deprecated '-debug' fallback for parameter name resolution. Compile the affected code with '-parameters' instead or avoid its introspection: com.test.spring6.iocxml.di.Book
2023-11-23 at 16:46:37 CST DEBUG org.springframework.context.support.AbstractApplicationContext 630 prepareRefresh -Refreshing org.springframework.context.support.ClassPathXmlApplicationContext@495ee280
2023-11-23 at 16:46:38 CST DEBUG org.springframework.beans.factory.xml.XmlBeanDefinitionReader 393 doLoadBeanDefinitions -Loaded 2 bean definitions from class path resource [bean-di.xml]
2023-11-23 at 16:46:38 CST DEBUG org.springframework.beans.factory.support.DefaultSingletonBeanRegistry 225 getSingleton -Creating shared instance of singleton bean 'book'
2023-11-23 at 16:46:38 CST DEBUG org.springframework.beans.factory.support.DefaultSingletonBeanRegistry 225 getSingleton -Creating shared instance of singleton bean 'bookCon'
2023-11-23 at 16:46:38 CST WARN  org.springframework.core.LocalVariableTableParameterNameDiscoverer 123 inspectClass -Using deprecated '-debug' fallback for parameter name resolution. Compile the affected code with '-parameters' instead or avoid its introspection: com.test.spring6.iocxml.di.Book
2023-11-23 at 16:52:10 CST DEBUG org.springframework.context.support.AbstractApplicationContext 630 prepareRefresh -Refreshing org.springframework.context.support.ClassPathXmlApplicationContext@495ee280
2023-11-23 at 16:52:10 CST DEBUG org.springframework.beans.factory.xml.XmlBeanDefinitionReader 393 doLoadBeanDefinitions -Loaded 2 bean definitions from class path resource [bean-di.xml]
2023-11-23 at 16:52:10 CST DEBUG org.springframework.beans.factory.support.DefaultSingletonBeanRegistry 225 getSingleton -Creating shared instance of singleton bean 'book'
2023-11-23 at 16:52:11 CST DEBUG org.springframework.beans.factory.support.DefaultSingletonBeanRegistry 225 getSingleton -Creating shared instance of singleton bean 'bookCon'
2023-11-23 at 16:52:11 CST WARN  org.springframework.core.LocalVariableTableParameterNameDiscoverer 123 inspectClass -Using deprecated '-debug' fallback for parameter name resolution. Compile the affected code with '-parameters' instead or avoid its introspection: com.test.spring6.iocxml.di.Book
2023-11-23 at 16:53:54 CST DEBUG org.springframework.context.support.AbstractApplicationContext 630 prepareRefresh -Refreshing org.springframework.context.support.ClassPathXmlApplicationContext@495ee280
2023-11-23 at 16:53:54 CST DEBUG org.springframework.beans.factory.xml.XmlBeanDefinitionReader 393 doLoadBeanDefinitions -Loaded 2 bean definitions from class path resource [bean-di.xml]
2023-11-23 at 16:53:54 CST DEBUG org.springframework.beans.factory.support.DefaultSingletonBeanRegistry 225 getSingleton -Creating shared instance of singleton bean 'book'
2023-11-23 at 16:53:54 CST DEBUG org.springframework.beans.factory.support.DefaultSingletonBeanRegistry 225 getSingleton -Creating shared instance of singleton bean 'bookCon'
2023-11-23 at 16:53:54 CST WARN  org.springframework.core.LocalVariableTableParameterNameDiscoverer 123 inspectClass -Using deprecated '-debug' fallback for parameter name resolution. Compile the affected code with '-parameters' instead or avoid its introspection: com.test.spring6.iocxml.di.Book
2023-11-23 at 16:54:30 CST DEBUG org.springframework.context.support.AbstractApplicationContext 630 prepareRefresh -Refreshing org.springframework.context.support.ClassPathXmlApplicationContext@495ee280
2023-11-23 at 16:54:30 CST DEBUG org.springframework.beans.factory.xml.XmlBeanDefinitionReader 393 doLoadBeanDefinitions -Loaded 2 bean definitions from class path resource [bean-di.xml]
2023-11-23 at 16:54:30 CST DEBUG org.springframework.beans.factory.support.DefaultSingletonBeanRegistry 225 getSingleton -Creating shared instance of singleton bean 'book'
2023-11-23 at 16:54:30 CST DEBUG org.springframework.beans.factory.support.DefaultSingletonBeanRegistry 225 getSingleton -Creating shared instance of singleton bean 'bookCon'
2023-11-23 at 16:54:30 CST WARN  org.springframework.core.LocalVariableTableParameterNameDiscoverer 123 inspectClass -Using deprecated '-debug' fallback for parameter name resolution. Compile the affected code with '-parameters' instead or avoid its introspection: com.test.spring6.iocxml.di.Book
2023-11-23 at 17:00:24 CST DEBUG org.springframework.context.support.AbstractApplicationContext 630 prepareRefresh -Refreshing org.springframework.context.support.ClassPathXmlApplicationContext@495ee280
2023-11-23 at 17:00:24 CST DEBUG org.springframework.beans.factory.xml.XmlBeanDefinitionReader 393 doLoadBeanDefinitions -Loaded 2 bean definitions from class path resource [bean-di.xml]
2023-11-23 at 17:00:24 CST DEBUG org.springframework.beans.factory.support.DefaultSingletonBeanRegistry 225 getSingleton -Creating shared instance of singleton bean 'book'
2023-11-23 at 17:00:24 CST DEBUG org.springframework.beans.factory.support.DefaultSingletonBeanRegistry 225 getSingleton -Creating shared instance of singleton bean 'bookCon'
2023-11-23 at 17:00:24 CST WARN  org.springframework.core.LocalVariableTableParameterNameDiscoverer 123 inspectClass -Using deprecated '-debug' fallback for parameter name resolution. Compile the affected code with '-parameters' instead or avoid its introspection: com.test.spring6.iocxml.di.Book
2023-11-23 at 22:36:42 CST DEBUG org.springframework.context.support.AbstractApplicationContext 630 prepareRefresh -Refreshing org.springframework.context.support.ClassPathXmlApplicationContext@28dcca0c
2023-11-23 at 22:41:29 CST DEBUG org.springframework.context.support.AbstractApplicationContext 630 prepareRefresh -Refreshing org.springframework.context.support.ClassPathXmlApplicationContext@7fd50002
2023-11-23 at 22:41:30 CST DEBUG org.springframework.beans.factory.xml.XmlBeanDefinitionReader 393 doLoadBeanDefinitions -Loaded 2 bean definitions from class path resource [bean-ditest.xml]
2023-11-23 at 22:41:30 CST DEBUG org.springframework.beans.factory.support.DefaultSingletonBeanRegistry 225 getSingleton -Creating shared instance of singleton bean 'dept'
2023-11-23 at 22:41:30 CST DEBUG org.springframework.beans.factory.support.DefaultSingletonBeanRegistry 225 getSingleton -Creating shared instance of singleton bean 'emp'
2023-11-23 at 23:00:33 CST DEBUG org.springframework.context.support.AbstractApplicationContext 630 prepareRefresh -Refreshing org.springframework.context.support.ClassPathXmlApplicationContext@28dcca0c
2023-11-23 at 23:00:33 CST DEBUG org.springframework.beans.factory.xml.XmlBeanDefinitionReader 393 doLoadBeanDefinitions -Loaded 4 bean definitions from class path resource [bean-ditest.xml]
2023-11-23 at 23:00:33 CST DEBUG org.springframework.beans.factory.support.DefaultSingletonBeanRegistry 225 getSingleton -Creating shared instance of singleton bean 'dept'
2023-11-23 at 23:00:33 CST DEBUG org.springframework.beans.factory.support.DefaultSingletonBeanRegistry 225 getSingleton -Creating shared instance of singleton bean 'emp'
2023-11-23 at 23:00:33 CST DEBUG org.springframework.beans.factory.support.DefaultSingletonBeanRegistry 225 getSingleton -Creating shared instance of singleton bean 'dept2'
2023-11-23 at 23:00:33 CST DEBUG org.springframework.beans.factory.support.DefaultSingletonBeanRegistry 225 getSingleton -Creating shared instance of singleton bean 'emp2'
2023-11-23 at 23:10:13 CST DEBUG org.springframework.context.support.AbstractApplicationContext 630 prepareRefresh -Refreshing org.springframework.context.support.ClassPathXmlApplicationContext@28dcca0c
2023-11-23 at 23:10:13 CST DEBUG org.springframework.beans.factory.xml.XmlBeanDefinitionReader 393 doLoadBeanDefinitions -Loaded 6 bean definitions from class path resource [bean-ditest.xml]
2023-11-23 at 23:10:13 CST DEBUG org.springframework.beans.factory.support.DefaultSingletonBeanRegistry 225 getSingleton -Creating shared instance of singleton bean 'dept'
2023-11-23 at 23:10:13 CST DEBUG org.springframework.beans.factory.support.DefaultSingletonBeanRegistry 225 getSingleton -Creating shared instance of singleton bean 'emp'
2023-11-23 at 23:10:13 CST DEBUG org.springframework.beans.factory.support.DefaultSingletonBeanRegistry 225 getSingleton -Creating shared instance of singleton bean 'dept2'
2023-11-23 at 23:10:13 CST DEBUG org.springframework.beans.factory.support.DefaultSingletonBeanRegistry 225 getSingleton -Creating shared instance of singleton bean 'emp2'
2023-11-23 at 23:10:13 CST DEBUG org.springframework.beans.factory.support.DefaultSingletonBeanRegistry 225 getSingleton -Creating shared instance of singleton bean 'dept3'
2023-11-23 at 23:10:13 CST DEBUG org.springframework.beans.factory.support.DefaultSingletonBeanRegistry 225 getSingleton -Creating shared instance of singleton bean 'emp3'
2023-11-23 at 23:37:55 CST DEBUG org.springframework.context.support.AbstractApplicationContext 630 prepareRefresh -Refreshing org.springframework.context.support.ClassPathXmlApplicationContext@28dcca0c
2023-11-23 at 23:37:55 CST DEBUG org.springframework.beans.factory.xml.XmlBeanDefinitionReader 393 doLoadBeanDefinitions -Loaded 2 bean definitions from class path resource [bean-diarray.xml]
2023-11-23 at 23:37:55 CST DEBUG org.springframework.beans.factory.support.DefaultSingletonBeanRegistry 225 getSingleton -Creating shared instance of singleton bean 'dept'
2023-11-23 at 23:37:55 CST DEBUG org.springframework.beans.factory.support.DefaultSingletonBeanRegistry 225 getSingleton -Creating shared instance of singleton bean 'emp'
2023-11-24 at 22:30:13 CST DEBUG org.springframework.context.support.AbstractApplicationContext 630 prepareRefresh -Refreshing org.springframework.context.support.ClassPathXmlApplicationContext@6f10d5b6
2023-11-24 at 22:30:13 CST DEBUG org.springframework.beans.factory.xml.XmlBeanDefinitionReader 393 doLoadBeanDefinitions -Loaded 3 bean definitions from class path resource [bean-dilist.xml]
2023-11-24 at 22:30:13 CST DEBUG org.springframework.beans.factory.support.DefaultSingletonBeanRegistry 225 getSingleton -Creating shared instance of singleton bean 'empone'
2023-11-24 at 22:30:13 CST DEBUG org.springframework.beans.factory.support.DefaultSingletonBeanRegistry 225 getSingleton -Creating shared instance of singleton bean 'emptwo'
2023-11-24 at 22:30:13 CST DEBUG org.springframework.beans.factory.support.DefaultSingletonBeanRegistry 225 getSingleton -Creating shared instance of singleton bean 'dept'
2023-11-24 at 22:33:33 CST DEBUG org.springframework.context.support.AbstractApplicationContext 630 prepareRefresh -Refreshing org.springframework.context.support.ClassPathXmlApplicationContext@28dcca0c
2023-11-24 at 22:33:33 CST DEBUG org.springframework.beans.factory.xml.XmlBeanDefinitionReader 393 doLoadBeanDefinitions -Loaded 3 bean definitions from class path resource [bean-dilist.xml]
2023-11-24 at 22:33:33 CST DEBUG org.springframework.beans.factory.support.DefaultSingletonBeanRegistry 225 getSingleton -Creating shared instance of singleton bean 'empone'
2023-11-24 at 22:33:33 CST DEBUG org.springframework.beans.factory.support.DefaultSingletonBeanRegistry 225 getSingleton -Creating shared instance of singleton bean 'emptwo'
2023-11-24 at 22:33:33 CST DEBUG org.springframework.beans.factory.support.DefaultSingletonBeanRegistry 225 getSingleton -Creating shared instance of singleton bean 'dept'
2023-11-24 at 23:08:32 CST DEBUG org.springframework.context.support.AbstractApplicationContext 630 prepareRefresh -Refreshing org.springframework.context.support.ClassPathXmlApplicationContext@239105a8
2023-11-24 at 23:08:32 CST DEBUG org.springframework.beans.factory.xml.XmlBeanDefinitionReader 393 doLoadBeanDefinitions -Loaded 3 bean definitions from class path resource [bean-dimap.xml]
2023-11-24 at 23:08:32 CST DEBUG org.springframework.beans.factory.support.DefaultSingletonBeanRegistry 225 getSingleton -Creating shared instance of singleton bean 'student'
2023-11-24 at 23:08:32 CST DEBUG org.springframework.beans.factory.support.DefaultSingletonBeanRegistry 225 getSingleton -Creating shared instance of singleton bean 'teacher1'
2023-11-24 at 23:08:32 CST DEBUG org.springframework.beans.factory.support.DefaultSingletonBeanRegistry 225 getSingleton -Creating shared instance of singleton bean 'teacher2'
2023-11-24 at 23:09:19 CST DEBUG org.springframework.context.support.AbstractApplicationContext 630 prepareRefresh -Refreshing org.springframework.context.support.ClassPathXmlApplicationContext@239105a8
2023-11-24 at 23:09:19 CST DEBUG org.springframework.beans.factory.xml.XmlBeanDefinitionReader 393 doLoadBeanDefinitions -Loaded 3 bean definitions from class path resource [bean-dimap.xml]
2023-11-24 at 23:09:19 CST DEBUG org.springframework.beans.factory.support.DefaultSingletonBeanRegistry 225 getSingleton -Creating shared instance of singleton bean 'student'
2023-11-24 at 23:09:20 CST DEBUG org.springframework.beans.factory.support.DefaultSingletonBeanRegistry 225 getSingleton -Creating shared instance of singleton bean 'teacher1'
2023-11-24 at 23:09:20 CST DEBUG org.springframework.beans.factory.support.DefaultSingletonBeanRegistry 225 getSingleton -Creating shared instance of singleton bean 'teacher2'
2023-11-24 at 23:12:01 CST DEBUG org.springframework.context.support.AbstractApplicationContext 630 prepareRefresh -Refreshing org.springframework.context.support.ClassPathXmlApplicationContext@6f1c29b7
2023-11-24 at 23:12:02 CST DEBUG org.springframework.beans.factory.xml.XmlBeanDefinitionReader 393 doLoadBeanDefinitions -Loaded 3 bean definitions from class path resource [bean-dimap.xml]
2023-11-24 at 23:12:02 CST DEBUG org.springframework.beans.factory.support.DefaultSingletonBeanRegistry 225 getSingleton -Creating shared instance of singleton bean 'student'
2023-11-24 at 23:12:02 CST DEBUG org.springframework.beans.factory.support.DefaultSingletonBeanRegistry 225 getSingleton -Creating shared instance of singleton bean 'teacher1'
2023-11-24 at 23:12:02 CST DEBUG org.springframework.beans.factory.support.DefaultSingletonBeanRegistry 225 getSingleton -Creating shared instance of singleton bean 'teacher2'
2023-11-26 at 21:56:23 CST DEBUG org.springframework.context.support.AbstractApplicationContext 630 prepareRefresh -Refreshing org.springframework.context.support.ClassPathXmlApplicationContext@495ee280
2023-11-26 at 21:56:23 CST DEBUG org.springframework.beans.factory.xml.XmlBeanDefinitionReader 393 doLoadBeanDefinitions -Loaded 7 bean definitions from class path resource [bean-diref.xml]
2023-11-26 at 21:56:23 CST DEBUG org.springframework.beans.factory.support.DefaultSingletonBeanRegistry 225 getSingleton -Creating shared instance of singleton bean 'student'
2023-11-26 at 21:56:23 CST DEBUG org.springframework.beans.factory.support.DefaultSingletonBeanRegistry 225 getSingleton -Creating shared instance of singleton bean 'lessonList'
2023-11-26 at 21:56:23 CST DEBUG org.springframework.beans.factory.support.DefaultSingletonBeanRegistry 225 getSingleton -Creating shared instance of singleton bean 'lessonone'
2023-11-26 at 21:56:23 CST DEBUG org.springframework.beans.factory.support.DefaultSingletonBeanRegistry 225 getSingleton -Creating shared instance of singleton bean 'lessontwo'
2023-11-26 at 21:56:23 CST DEBUG org.springframework.beans.factory.support.DefaultSingletonBeanRegistry 225 getSingleton -Creating shared instance of singleton bean 'teacherMap'
2023-11-26 at 21:56:23 CST DEBUG org.springframework.beans.factory.support.DefaultSingletonBeanRegistry 225 getSingleton -Creating shared instance of singleton bean 'teacherone'
2023-11-26 at 21:56:23 CST DEBUG org.springframework.beans.factory.support.DefaultSingletonBeanRegistry 225 getSingleton -Creating shared instance of singleton bean 'teachertwo'
2023-11-26 at 22:08:31 CST DEBUG org.springframework.context.support.AbstractApplicationContext 630 prepareRefresh -Refreshing org.springframework.context.support.ClassPathXmlApplicationContext@495ee280
2023-11-26 at 22:08:31 CST DEBUG org.springframework.beans.factory.xml.XmlBeanDefinitionReader 393 doLoadBeanDefinitions -Loaded 8 bean definitions from class path resource [bean-diref.xml]
2023-11-26 at 22:08:31 CST DEBUG org.springframework.beans.factory.support.DefaultSingletonBeanRegistry 225 getSingleton -Creating shared instance of singleton bean 'studentp'
2023-11-26 at 22:08:31 CST DEBUG org.springframework.beans.factory.support.DefaultSingletonBeanRegistry 225 getSingleton -Creating shared instance of singleton bean 'lessonList'
2023-11-26 at 22:08:31 CST DEBUG org.springframework.beans.factory.support.DefaultSingletonBeanRegistry 225 getSingleton -Creating shared instance of singleton bean 'lessonone'
2023-11-26 at 22:08:31 CST DEBUG org.springframework.beans.factory.support.DefaultSingletonBeanRegistry 225 getSingleton -Creating shared instance of singleton bean 'lessontwo'
2023-11-26 at 22:08:31 CST DEBUG org.springframework.beans.factory.support.DefaultSingletonBeanRegistry 225 getSingleton -Creating shared instance of singleton bean 'teacherMap'
2023-11-26 at 22:08:31 CST DEBUG org.springframework.beans.factory.support.DefaultSingletonBeanRegistry 225 getSingleton -Creating shared instance of singleton bean 'teacherone'
2023-11-26 at 22:08:31 CST DEBUG org.springframework.beans.factory.support.DefaultSingletonBeanRegistry 225 getSingleton -Creating shared instance of singleton bean 'teachertwo'
2023-11-26 at 22:08:31 CST DEBUG org.springframework.beans.factory.support.DefaultSingletonBeanRegistry 225 getSingleton -Creating shared instance of singleton bean 'student'
2023-11-27 at 00:19:28 CST DEBUG org.springframework.context.support.AbstractApplicationContext 630 prepareRefresh -Refreshing org.springframework.context.support.ClassPathXmlApplicationContext@2e32ccc5
2023-11-27 at 00:19:28 CST DEBUG org.springframework.beans.factory.xml.XmlBeanDefinitionReader 393 doLoadBeanDefinitions -Loaded 2 bean definitions from class path resource [bean-jdbc.xml]
2023-11-27 at 00:19:28 CST DEBUG org.springframework.beans.factory.support.DefaultSingletonBeanRegistry 225 getSingleton -Creating shared instance of singleton bean 'org.springframework.context.support.PropertySourcesPlaceholderConfigurer#0'
2023-11-27 at 00:19:29 CST DEBUG org.springframework.core.env.PropertySourcesPropertyResolver 115 logKeyFound -Found key 'jdbc.url' in PropertySource 'localProperties' with value of type String
2023-11-27 at 00:19:29 CST DEBUG org.springframework.core.env.PropertySourcesPropertyResolver 115 logKeyFound -Found key 'jdbc.user' in PropertySource 'localProperties' with value of type String
2023-11-27 at 00:19:29 CST DEBUG org.springframework.core.env.PropertySourcesPropertyResolver 115 logKeyFound -Found key 'jdbc.password' in PropertySource 'localProperties' with value of type String
2023-11-27 at 00:19:29 CST DEBUG org.springframework.core.env.PropertySourcesPropertyResolver 115 logKeyFound -Found key 'jdbc.driver' in PropertySource 'localProperties' with value of type String
2023-11-27 at 00:19:29 CST DEBUG org.springframework.beans.factory.support.DefaultSingletonBeanRegistry 225 getSingleton -Creating shared instance of singleton bean 'druidDataSource'
2023-11-27 at 00:19:58 CST DEBUG org.springframework.context.support.AbstractApplicationContext 630 prepareRefresh -Refreshing org.springframework.context.support.ClassPathXmlApplicationContext@2e32ccc5
2023-11-27 at 00:19:59 CST DEBUG org.springframework.beans.factory.xml.XmlBeanDefinitionReader 393 doLoadBeanDefinitions -Loaded 2 bean definitions from class path resource [bean-jdbc.xml]
2023-11-27 at 00:19:59 CST DEBUG org.springframework.beans.factory.support.DefaultSingletonBeanRegistry 225 getSingleton -Creating shared instance of singleton bean 'org.springframework.context.support.PropertySourcesPlaceholderConfigurer#0'
2023-11-27 at 00:19:59 CST DEBUG org.springframework.core.env.PropertySourcesPropertyResolver 115 logKeyFound -Found key 'jdbc.url' in PropertySource 'localProperties' with value of type String
2023-11-27 at 00:19:59 CST DEBUG org.springframework.core.env.PropertySourcesPropertyResolver 115 logKeyFound -Found key 'jdbc.user' in PropertySource 'localProperties' with value of type String
2023-11-27 at 00:19:59 CST DEBUG org.springframework.core.env.PropertySourcesPropertyResolver 115 logKeyFound -Found key 'jdbc.password' in PropertySource 'localProperties' with value of type String
2023-11-27 at 00:19:59 CST DEBUG org.springframework.core.env.PropertySourcesPropertyResolver 115 logKeyFound -Found key 'jdbc.driver' in PropertySource 'localProperties' with value of type String
2023-11-27 at 00:19:59 CST DEBUG org.springframework.beans.factory.support.DefaultSingletonBeanRegistry 225 getSingleton -Creating shared instance of singleton bean 'druidDataSource'
2023-11-27 at 00:49:29 CST DEBUG org.springframework.context.support.AbstractApplicationContext 630 prepareRefresh -Refreshing org.springframework.context.support.ClassPathXmlApplicationContext@5a59ca5e
2023-11-27 at 00:50:12 CST DEBUG org.springframework.context.support.AbstractApplicationContext 630 prepareRefresh -Refreshing org.springframework.context.support.ClassPathXmlApplicationContext@5a59ca5e
2023-11-27 at 00:50:12 CST DEBUG org.springframework.beans.factory.xml.XmlBeanDefinitionReader 393 doLoadBeanDefinitions -Loaded 1 bean definitions from class path resource [bean-scope.xml]
2023-11-27 at 00:50:12 CST DEBUG org.springframework.beans.factory.support.DefaultSingletonBeanRegistry 225 getSingleton -Creating shared instance of singleton bean 'orders'
2023-11-27 at 00:51:24 CST DEBUG org.springframework.context.support.AbstractApplicationContext 630 prepareRefresh -Refreshing org.springframework.context.support.ClassPathXmlApplicationContext@5a59ca5e
2023-11-27 at 00:51:24 CST DEBUG org.springframework.beans.factory.xml.XmlBeanDefinitionReader 393 doLoadBeanDefinitions -Loaded 1 bean definitions from class path resource [bean-scope.xml]
2023-11-27 at 00:51:24 CST DEBUG org.springframework.beans.factory.support.DefaultSingletonBeanRegistry 225 getSingleton -Creating shared instance of singleton bean 'orders'
2023-11-28 at 00:48:30 CST DEBUG org.springframework.context.support.AbstractApplicationContext 630 prepareRefresh -Refreshing org.springframework.context.support.ClassPathXmlApplicationContext@5a59ca5e
2023-11-28 at 00:48:30 CST DEBUG org.springframework.beans.factory.xml.XmlBeanDefinitionReader 393 doLoadBeanDefinitions -Loaded 1 bean definitions from class path resource [bean-scope.xml]
2023-11-28 at 01:15:29 CST DEBUG org.springframework.context.support.AbstractApplicationContext 630 prepareRefresh -Refreshing org.springframework.context.support.ClassPathXmlApplicationContext@5a59ca5e
2023-11-28 at 01:15:29 CST DEBUG org.springframework.beans.factory.xml.XmlBeanDefinitionReader 393 doLoadBeanDefinitions -Loaded 1 bean definitions from class path resource [bean-scope.xml]
2023-11-28 at 01:15:29 CST DEBUG org.springframework.beans.factory.support.DefaultSingletonBeanRegistry 225 getSingleton -Creating shared instance of singleton bean 'orders'
2023-11-28 at 01:16:08 CST DEBUG org.springframework.context.support.AbstractApplicationContext 630 prepareRefresh -Refreshing org.springframework.context.support.ClassPathXmlApplicationContext@5a59ca5e
2023-11-28 at 01:16:09 CST DEBUG org.springframework.beans.factory.xml.XmlBeanDefinitionReader 393 doLoadBeanDefinitions -Loaded 1 bean definitions from class path resource [bean-scope.xml]
